KCPSM6 Assembler log file for program 'D:\PROJEKT\PICOBLAZE\Picoblaze\Assembler\program_memory.psm'.
Generated by KCPSM6 version v2.70
Ken Chapman - Xilinx Ltd - 16th May 2014

Assembly datestamp: 20 Sep 2020
Assembly timestamp: 21:22:46

Contents
  Assembly listing
  List of PSM files
  List of CONSTANTs
  List of TABLEs
  List of STRINGs
  List of line labels
  Instruction usage statistics


Last occupied address: 011 hex
Nominal program memory size: 1K (1024)   address(9:0)
Actual memory size: 4096
  (Default memory size)
Occupied memory locations: 18
Memory locations available: 4078


Assembly listing

 Addr Code             Instruction

 000                   CONSTANT Leds, 00
 000                   CONSTANT DebugTimer0, 01
 000                   CONSTANT DebugTimer1, 02
 000                   CONSTANT Switch, 00
 000            start: 
 000  01000            LOAD s0, 00[00000000'b]    ;zmienna timer[7:0]
 001  01100            LOAD s1, 00[00000000'b]    ;zmienna timer[15:8]
 002  01200            LOAD s2, 00[00000000'b]    ;zmienna compare
 003  01300            LOAD s3, 00[00000000'b]    ;wartość PWM
 004             loop: 
 004  09200            INPUT s2, 00[Switch]       ;załaduj wartość switchy
 005                   ;do MSB zmiennej compare
 005               if: 
 005  1C210            COMPARE s2, s1             ;jeśli compare > timer
 006  3E009            JUMP NC, 009[pwm_high]
 007          pwm_low: 
 007  01300            LOAD s3, 00[00000000'b]    ;wtedy ustaw stan niski na PWM
 008  2200B            JUMP 00B[end_if]
 009                   ;jeśli nie
 009         pwm_high: 
 009  01301            LOAD s3, 01[00000001'b]    ;wtedy ustaw stan wysoki na PWM
 00A  2200B            JUMP 00B[end_if]
 00B           end_if: 
 00B  2D300            OUTPUT s3, 00[Leds]
 00C  2D001            OUTPUT s0, 01[DebugTimer0]
 00D  2D102            OUTPUT s1, 02[DebugTimer1]
 00E  11001            ADD s0, 01                 ;większ timer
 00F  13100            ADDCY s1, 00               ;przenieś wartość MSB
 010                   ;do wyższych bitów timera
 010  0310F            AND s1, 0F[00001111'b]     ;usuń 4 najstarsze bity z licznika
 011  22004            JUMP 004[loop]


All unused memory locations contain zero (equivalent to 'LOAD s0, s0')



List of PSM files that have been assembled

D:\PROJEKT\PICOBLAZE\Picoblaze\Assembler\program_memory.psm



List of defined constants

 CONSTANT name     Value        Source PSM File

 timestamp_hours   21'd         
 timestamp_minutes 22'd         
 timestamp_seconds 46'd         
 datestamp_year    20'd         
 datestamp_month   9'd          
 datestamp_day     20'd         
 NUL               00           
 BEL               07           
 BS                08           
 HT                09           
 LF                0A           
 VT                0B           
 CR                0D           
 ESC               1B           
 DEL               7F           
 DCS               90           
 ST                9C           
 Leds              00           program_memory.psm
 DebugTimer0       01           program_memory.psm
 DebugTimer1       02           program_memory.psm
 Switch            00           program_memory.psm



No TABLEs defined



List of text strings

 STRING name       String         Source PSM File

 KCPSM6_version$   "v2.70"        
 datestamp$        "20 Sep 2020"  
 timestamp$        "21:22:46"     



List of line labels

   Label      Addr  Source PSM File

 * start      000   program_memory.psm
   loop       004   program_memory.psm
 * if         005   program_memory.psm
 * pwm_low    007   program_memory.psm
   pwm_high   009   program_memory.psm
   end_if     00B   program_memory.psm

      * Line label has not been referenced in any instructions.
        Hint - This may indicate unused code that could be
               removed to reduce the size of this program.



Instruction usage statistics

 Instruction    Instances

 LOAD              6
 STAR              -

 AND               1
 OR                -
 XOR               -

 ADD               1
 ADDCY             1
 SUB               -
 SUBCY             -

 TEST              -
 TESTCY            -
 COMPARE           1
 COMPARECY         -

 SL0               -
 SL1               -
 SLX               -
 SLA               -
 RL                -
 SR0               -
 SR1               -
 SRX               -
 SRA               -
 RR                -

 REGBANK           -

 INPUT             1
 OUTPUT            3
 OUTPUTK           -

 STORE             -
 FETCH             -

 DISABLE           -
 ENABLE            -
 RETURNI           -

 JUMP              4
 JUMP@             -
 CALL              -
 CALL@             -
 RETURN            -
 LOAD&RETURN       -

 HWBUILD           -



End of KCPSM6 log file.
