Copyright 1986-2016 Xilinx, Inc. All Rights Reserved.
-----------------------------------------------------------------------------------------
| Tool Version      : Vivado v.2016.1 (win64) Build 1538259 Fri Apr  8 15:45:27 MDT 2016
| Date              : Thu Oct 22 19:33:49 2020
| Host              : DESKTOP-2340M74 running 64-bit major release  (build 9200)
| Command           : report_clock_utilization -file top_clock_utilization_routed.rpt
| Design            : top
| Device            : 7z020-clg400
| Speed File        : -1  PRODUCTION 1.11 2014-09-11
| Temperature Grade : C
-----------------------------------------------------------------------------------------

Clock Utilization Report

Table of Contents
-----------------
1. Clock Primitive Utilization
2. Global Clock Resources
3. Global Clock Source Details
4. Local Clock Details
5. Clock Regions: Key Resource Utilization
6. Clock Regions : Global Clock Summary
7. Cell Type Counts per Global Clock: Region X1Y1
8. Cell Type Counts per Global Clock: Region X1Y2
9. Load Cell Placement Summary for Global Clock g0
10. Load Cell Placement Summary for Global Clock g1

1. Clock Primitive Utilization
------------------------------

+----------+------+-----------+-----+--------------+--------+
| Type     | Used | Available | LOC | Clock Region | Pblock |
+----------+------+-----------+-----+--------------+--------+
| BUFGCTRL |    2 |        32 |   0 |            0 |      0 |
| BUFH     |    0 |        72 |   0 |            0 |      0 |
| BUFIO    |    0 |        16 |   0 |            0 |      0 |
| BUFMR    |    0 |         8 |   0 |            0 |      0 |
| BUFR     |    0 |        16 |   0 |            0 |      0 |
| MMCM     |    0 |         4 |   0 |            0 |      0 |
| PLL      |    1 |         4 |   0 |            0 |      0 |
+----------+------+-----------+-----+--------------+--------+


2. Global Clock Resources
-------------------------

+-------+-------+-----------------+------------+---------------+--------------+------+-------------------+---------------+-------------+-----------------+--------------+---------------------------------------------------------------------+-----------------------------------------------+--------------------------+
| GlbID | SrcId | Driver Type/Pin | Constraint | Site          | Clock Region | Root | Clock Delay Group | Clock Regions | Clock Loads | Non-Clock Loads | Clock Period | Clock                                                               | Driver Pin                                    | Net                      |
+-------+-------+-----------------+------------+---------------+--------------+------+-------------------+---------------+-------------+-----------------+--------------+---------------------------------------------------------------------+-----------------------------------------------+--------------------------+
| g0    | src0  | BUFG/O          | None       | BUFGCTRL_X0Y1 | n/a          | n/a  | n/a               |             1 |           0 |               1 |       60.000 | dbg_hub/inst/N_EXT_BSCAN.bscan_inst/SERIES7_BSCAN.bscan_inst/UPDATE | dbg_hub/inst/N_EXT_BSCAN.u_bufg_icon_update/O | dbg_hub/inst/UPDATE_temp |
| g1    | src0  | BUFG/O          | None       | BUFGCTRL_X0Y0 | n/a          | n/a  | n/a               |             2 |           0 |             273 |       30.000 | dbg_hub/inst/N_EXT_BSCAN.bscan_inst/SERIES7_BSCAN.bscan_inst/DRCK   | dbg_hub/inst/N_EXT_BSCAN.u_bufg_icon/O        | dbg_hub/inst/idrck       |
+-------+-------+-----------------+------------+---------------+--------------+------+-------------------+---------------+-------------+-----------------+--------------+---------------------------------------------------------------------+-----------------------------------------------+--------------------------+
* Note: Multiple constraint types applied to the driver. Please check for potential conflicts.


3. Global Clock Source Details
------------------------------

+-------+--------+-----------------+------------+------------+--------------+-------------+-----------------+---------------------+---------------------------------------------------------------------+---------------------------------------------------------------------+--------------------------------------------+
| SrcID | GlbIDs | Driver Type/Pin | Constraint | Site       | Clock Region | Clock Loads | Non-Clock Loads | Source Clock Period | Source Clock                                                        | Driver Pin                                                          | Net                                        |
+-------+--------+-----------------+------------+------------+--------------+-------------+-----------------+---------------------+---------------------------------------------------------------------+---------------------------------------------------------------------+--------------------------------------------+
| src0  | g1     | BSCANE2/DRCK    | None       | BSCAN_X0Y0 | X1Y1         |           1 |               0 |              30.000 | dbg_hub/inst/N_EXT_BSCAN.bscan_inst/SERIES7_BSCAN.bscan_inst/DRCK   | dbg_hub/inst/N_EXT_BSCAN.bscan_inst/SERIES7_BSCAN.bscan_inst/DRCK   | dbg_hub/inst/N_EXT_BSCAN.bscan_inst/DRCK   |
| src0  | g0     | BSCANE2/UPDATE  | None       | BSCAN_X0Y0 | X1Y1         |           1 |               0 |              60.000 | dbg_hub/inst/N_EXT_BSCAN.bscan_inst/SERIES7_BSCAN.bscan_inst/UPDATE | dbg_hub/inst/N_EXT_BSCAN.bscan_inst/SERIES7_BSCAN.bscan_inst/UPDATE | dbg_hub/inst/N_EXT_BSCAN.bscan_inst/UPDATE |
+-------+--------+-----------------+------------+------------+--------------+-------------+-----------------+---------------------+---------------------------------------------------------------------+---------------------------------------------------------------------+--------------------------------------------+


4. Local Clock Details
----------------------

+-------+-------------------+------------+--------------------------+--------------+-------------+-----------------+--------------+-------+---------------------------------------------------------------------------------------------------+-------------------------------------------------------------------------------------+
| LocId | Driver Type/Pin   | Constraint | Site/BEL                 | Clock Region | Clock Loads | Non-Clock Loads | Clock Period | Clock | Driver Pin                                                                                        | Net                                                                                 |
+-------+-------------------+------------+--------------------------+--------------+-------------+-----------------+--------------+-------+---------------------------------------------------------------------------------------------------+-------------------------------------------------------------------------------------+
| 0     | PLLE2_ADV/CLKOUT0 | None       | PLLE2_ADV_X1Y2/PLLE2_ADV | X1Y2         |           0 |               0 |        8.000 | clk   | processor/inst/risc_core_inst/risc_inst/risc_clocking_inst/clock_inst/inst/plle2_adv_inst/CLKOUT0 | processor/inst/risc_core_inst/risc_inst/risc_clocking_inst/clock_inst/inst/risc_clk |
+-------+-------------------+------------+--------------------------+--------------+-------------+-----------------+--------------+-------+---------------------------------------------------------------------------------------------------+-------------------------------------------------------------------------------------+


5. Clock Regions: Key Resource Utilization
------------------------------------------

+-------------------+--------------+--------------+--------------+--------------+--------------+--------------+--------------+--------------+--------------+--------------+--------------+--------------+--------------+--------------+--------------+
|                   | Global Clock |     BUFRs    |    BUFMRs    |    BUFIOs    |     MMCM     |      PLL     |      GT      |      PCI     |    ILOGIC    |    OLOGIC    |      FF      |     LUTM     |    RAMB18    |    RAMB36    |    DSP48E2   |
+-------------------+------+-------+------+-------+------+-------+------+-------+------+-------+------+-------+------+-------+------+-------+------+-------+------+-------+------+-------+------+-------+------+-------+------+-------+------+-------+
| Clock Region Name | Used | Avail | Used | Avail | Used | Avail | Used | Avail | Used | Avail | Used | Avail | Used | Avail | Used | Avail | Used | Avail | Used | Avail | Used | Avail | Used | Avail | Used | Avail | Used | Avail | Used | Avail |
+-------------------+------+-------+------+-------+------+-------+------+-------+------+-------+------+-------+------+-------+------+-------+------+-------+------+-------+------+-------+------+-------+------+-------+------+-------+------+-------+
| X0Y0              |    0 |    12 |    0 |     4 |    0 |     2 |    0 |     4 |    0 |     1 |    0 |     1 |    0 |     0 |    0 |     0 |    0 |    50 |    0 |    50 |    0 | 20000 |    0 |  4000 |    0 |     0 |    0 |    30 |    0 |    60 |
| X1Y0              |    0 |    12 |    0 |     4 |    0 |     2 |    0 |     4 |    0 |     1 |    0 |     1 |    0 |     0 |    0 |     0 |    0 |    50 |    0 |    50 |    0 | 25600 |    0 |  3400 |    0 |     0 |    0 |    30 |    0 |    40 |
| X0Y1              |    0 |    12 |    0 |     0 |    0 |     0 |    0 |     0 |    0 |     0 |    0 |     0 |    0 |     0 |    0 |     0 |    0 |     0 |    0 |     0 |    0 |  9600 |    0 |  1600 |    0 |     0 |    0 |    10 |    0 |    20 |
| X1Y1              |    2 |    12 |    0 |     4 |    0 |     2 |    0 |     4 |    0 |     1 |    0 |     1 |    0 |     0 |    0 |     0 |    0 |    50 |    0 |    50 |  192 | 20800 |   66 |  3400 |    0 |     0 |    0 |    30 |    0 |    40 |
| X0Y2              |    0 |    12 |    0 |     0 |    0 |     0 |    0 |     0 |    0 |     0 |    0 |     0 |    0 |     0 |    0 |     0 |    0 |     0 |    0 |     0 |    0 |  9600 |    0 |  1600 |    0 |     0 |    0 |    10 |    0 |    20 |
| X1Y2              |    1 |    12 |    0 |     4 |    0 |     2 |    0 |     4 |    0 |     1 |    0 |     1 |    0 |     0 |    0 |     0 |    0 |    50 |    0 |    50 |   82 | 20800 |   24 |  3400 |    0 |     0 |    0 |    30 |    0 |    40 |
+-------------------+------+-------+------+-------+------+-------+------+-------+------+-------+------+-------+------+-------+------+-------+------+-------+------+-------+------+-------+------+-------+------+-------+------+-------+------+-------+
* Used Global Clocks includes only global clock resources based on load placement but does not consider global clock resources used to traverse a clock region. Therefore the actual total of Used Global Clocks may be higher.
** RAMB36 site can be used as two RAMB18/FIFO18 sites.


6. Clock Regions : Global Clock Summary
---------------------------------------

+----+----+----+
|    | X0 | X1 |
+----+----+----+
| Y2 |  0 |  1 |
| Y1 |  0 |  2 |
| Y0 |  0 |  0 |
+----+----+----+
* Used Global Clocks includes only global clock resources based on load placement but does not consider global clock resources used to traverse a clock region. Therefore the actual total of Used Global Clocks may be higher.


7. Cell Type Counts per Global Clock: Region X1Y1
-------------------------------------------------

+-------+-------+-----------------+------------+-------------+-----------------+-----+--------+------+-----+----+------+-----+---------+--------------------------+
| GlbID | Track | Driver Type/Pin | Constraint | Clock Loads | Non-Clock Loads | FF  | LUTRAM | RAMB | DSP | GT | MMCM | PLL | Hard IP | Net                      |
+-------+-------+-----------------+------------+-------------+-----------------+-----+--------+------+-----+----+------+-----+---------+--------------------------+
| g0    | n/a   | BUFG/O          | None       |           0 |               1 |   1 |      0 |    0 |   0 |  0 |    0 |   0 |       0 | dbg_hub/inst/UPDATE_temp |
| g1    | n/a   | BUFG/O          | None       |           0 |             191 | 191 |     66 |    0 |   0 |  0 |    0 |   0 |       0 | dbg_hub/inst/idrck       |
+-------+-------+-----------------+------------+-------------+-----------------+-----+--------+------+-----+----+------+-----+---------+--------------------------+


8. Cell Type Counts per Global Clock: Region X1Y2
-------------------------------------------------

+-------+-------+-----------------+------------+-------------+-----------------+----+--------+------+-----+----+------+-----+---------+--------------------+
| GlbID | Track | Driver Type/Pin | Constraint | Clock Loads | Non-Clock Loads | FF | LUTRAM | RAMB | DSP | GT | MMCM | PLL | Hard IP | Net                |
+-------+-------+-----------------+------------+-------------+-----------------+----+--------+------+-----+----+------+-----+---------+--------------------+
| g1    | n/a   | BUFG/O          | None       |           0 |              82 | 82 |     24 |    0 |   0 |  0 |    0 |   0 |       0 | dbg_hub/inst/idrck |
+-------+-------+-----------------+------------+-------------+-----------------+----+--------+------+-----+----+------+-----+---------+--------------------+


9. Load Cell Placement Summary for Global Clock g0
--------------------------------------------------

+-------+-----------------+-------------------+---------------------------------------------------------------------+-------------+----------------+----------+-------------+----------+-------------+----+--------------------------+
| GlbID | Driver Type/Pin | Driver Region (D) | Clock                                                               | Period (ns) | Waveform (ns)  | Root (R) | Slice Loads | IO Loads | Clock Loads | GT | Net                      |
+-------+-----------------+-------------------+---------------------------------------------------------------------+-------------+----------------+----------+-------------+----------+-------------+----+--------------------------+
| g0    | BUFG/O          | n/a               | dbg_hub/inst/N_EXT_BSCAN.bscan_inst/SERIES7_BSCAN.bscan_inst/UPDATE |      60.000 | {0.000 30.000} |          |           1 |        0 |           0 |  0 | dbg_hub/inst/UPDATE_temp |
+-------+-----------------+-------------------+---------------------------------------------------------------------+-------------+----------------+----------+-------------+----------+-------------+----+--------------------------+


+----+----+----+
|    | X0 | X1 |
+----+----+----+
| Y2 |  0 |  0 |
| Y1 |  0 |  1 |
| Y0 |  0 |  0 |
+----+----+----+


10. Load Cell Placement Summary for Global Clock g1
---------------------------------------------------

+-------+-----------------+-------------------+-------------------------------------------------------------------+-------------+----------------+----------+-------------+----------+-------------+----+--------------------+
| GlbID | Driver Type/Pin | Driver Region (D) | Clock                                                             | Period (ns) | Waveform (ns)  | Root (R) | Slice Loads | IO Loads | Clock Loads | GT | Net                |
+-------+-----------------+-------------------+-------------------------------------------------------------------+-------------+----------------+----------+-------------+----------+-------------+----+--------------------+
| g1    | BUFG/O          | n/a               | dbg_hub/inst/N_EXT_BSCAN.bscan_inst/SERIES7_BSCAN.bscan_inst/DRCK |      30.000 | {0.000 15.000} |          |         273 |        0 |           0 |  0 | dbg_hub/inst/idrck |
+-------+-----------------+-------------------+-------------------------------------------------------------------+-------------+----------------+----------+-------------+----------+-------------+----+--------------------+


+----+----+------+
|    | X0 | X1   |
+----+----+------+
| Y2 |  0 |   82 |
| Y1 |  0 |  191 |
| Y0 |  0 |    0 |
+----+----+------+



# Location of BUFG Primitives 
set_property LOC BUFGCTRL_X0Y0 [get_cells dbg_hub/inst/N_EXT_BSCAN.u_bufg_icon]
set_property LOC BUFGCTRL_X0Y1 [get_cells dbg_hub/inst/N_EXT_BSCAN.u_bufg_icon_update]

# Location of IO Primitives which is load of clock spine

# Location of clock ports
set_property LOC IOB_X1Y126 [get_ports sysclk]

# Clock net "dbg_hub/inst/idrck" driven by instance "dbg_hub/inst/N_EXT_BSCAN.u_bufg_icon" located at site "BUFGCTRL_X0Y0"
#startgroup
create_pblock {CLKAG_dbg_hub/inst/idrck}
add_cells_to_pblock [get_pblocks  {CLKAG_dbg_hub/inst/idrck}] [get_cells -filter { PRIMITIVE_GROUP != I/O && IS_PRIMITIVE==1 && PRIMITIVE_LEVEL !=INTERNAL } -of_object [get_pins -filter {DIRECTION==IN} -of_objects [get_nets -hierarchical -filter {PARENT=="dbg_hub/inst/idrck"}]]]
resize_pblock [get_pblocks {CLKAG_dbg_hub/inst/idrck}] -add {CLOCKREGION_X1Y1:CLOCKREGION_X1Y1 CLOCKREGION_X1Y2:CLOCKREGION_X1Y2}
#endgroup

# Clock net "dbg_hub/inst/UPDATE_temp" driven by instance "dbg_hub/inst/N_EXT_BSCAN.u_bufg_icon_update" located at site "BUFGCTRL_X0Y1"
#startgroup
create_pblock {CLKAG_dbg_hub/inst/UPDATE_temp}
add_cells_to_pblock [get_pblocks  {CLKAG_dbg_hub/inst/UPDATE_temp}] [get_cells -filter { PRIMITIVE_GROUP != I/O && IS_PRIMITIVE==1 && PRIMITIVE_LEVEL !=INTERNAL } -of_object [get_pins -filter {DIRECTION==IN} -of_objects [get_nets -hierarchical -filter {PARENT=="dbg_hub/inst/UPDATE_temp"}]]]
resize_pblock [get_pblocks {CLKAG_dbg_hub/inst/UPDATE_temp}] -add {CLOCKREGION_X1Y1:CLOCKREGION_X1Y1}
#endgroup
